<?xml version="1.0" encoding="UTF-8"?>
<coverage generated="1765112944037" clover="3.2.0">
  <project timestamp="1765112944037" name="All files">
    <metrics statements="97" coveredstatements="92" conditionals="52" coveredconditionals="44" methods="27" coveredmethods="27" elements="176" coveredelements="163" complexity="0" loc="97" ncloc="97" packages="6" files="9" classes="9"/>
    <package name="api">
      <metrics statements="57" coveredstatements="52" conditionals="32" coveredconditionals="27" methods="13" coveredmethods="13"/>
      <file name="apiClient.ts" path="/Users/bekiryavuzkoc/Documents/react/Movie/api/apiClient.ts">
        <metrics statements="9" coveredstatements="9" conditionals="0" coveredconditionals="0" methods="4" coveredmethods="4"/>
        <line num="4" count="1" type="stmt"/>
        <line num="6" count="3" type="stmt"/>
        <line num="7" count="3" type="stmt"/>
        <line num="15" count="2" type="stmt"/>
        <line num="19" count="2" type="stmt"/>
        <line num="27" count="1" type="stmt"/>
        <line num="31" count="1" type="stmt"/>
        <line num="35" count="1" type="stmt"/>
        <line num="38" count="1" type="stmt"/>
      </file>
      <file name="request.ts" path="/Users/bekiryavuzkoc/Documents/react/Movie/api/request.ts">
        <metrics statements="48" coveredstatements="43" conditionals="32" coveredconditionals="27" methods="9" coveredmethods="9"/>
        <line num="22" count="8" type="stmt"/>
        <line num="23" count="8" type="stmt"/>
        <line num="24" count="8" type="stmt"/>
        <line num="26" count="8" type="stmt"/>
        <line num="28" count="6" type="stmt"/>
        <line num="29" count="6" type="stmt"/>
        <line num="32" count="2" type="stmt"/>
        <line num="33" count="2" type="cond" truecount="2" falsecount="0"/>
        <line num="34" count="1" type="stmt"/>
        <line num="36" count="1" type="stmt"/>
        <line num="43" count="2" type="stmt"/>
        <line num="45" count="2" type="cond" truecount="1" falsecount="1"/>
        <line num="46" count="0" type="stmt"/>
        <line num="49" count="2" type="stmt"/>
        <line num="50" count="2" type="stmt"/>
        <line num="58" count="2" type="cond" truecount="2" falsecount="0"/>
        <line num="60" count="1" type="stmt"/>
        <line num="62" count="1" type="stmt"/>
        <line num="64" count="1" type="stmt"/>
        <line num="66" count="0" type="stmt"/>
        <line num="77" count="7" type="stmt"/>
        <line num="79" count="7" type="stmt"/>
        <line num="81" count="7" type="stmt"/>
        <line num="87" count="7" type="cond" truecount="2" falsecount="0"/>
        <line num="88" count="3" type="stmt"/>
        <line num="91" count="7" type="stmt"/>
        <line num="93" count="7" type="stmt"/>
        <line num="94" count="8" type="stmt"/>
        <line num="95" count="8" type="stmt"/>
        <line num="105" count="6" type="cond" truecount="2" falsecount="0"/>
        <line num="106" count="2" type="stmt"/>
        <line num="107" count="2" type="cond" truecount="2" falsecount="0"/>
        <line num="109" count="1" type="stmt"/>
        <line num="111" count="1" type="stmt"/>
        <line num="117" count="4" type="cond" truecount="2" falsecount="0"/>
        <line num="118" count="1" type="stmt"/>
        <line num="125" count="3" type="stmt"/>
        <line num="127" count="4" type="stmt"/>
        <line num="130" count="4" type="cond" truecount="2" falsecount="0"/>
        <line num="132" count="4" type="cond" truecount="4" falsecount="0"/>
        <line num="134" count="3" type="stmt"/>
        <line num="135" count="3" type="stmt"/>
        <line num="136" count="3" type="stmt"/>
        <line num="140" count="0" type="stmt"/>
        <line num="141" count="0" type="stmt"/>
        <line num="142" count="0" type="stmt"/>
        <line num="146" count="3" type="stmt"/>
        <line num="154" count="3" type="stmt"/>
      </file>
    </package>
    <package name="constants">
      <metrics statements="1" coveredstatements="1" conditionals="0" coveredconditionals="0" methods="0" coveredmethods="0"/>
      <file name="images.ts" path="/Users/bekiryavuzkoc/Documents/react/Movie/constants/images.ts">
        <metrics statements="1" coveredstatements="1" conditionals="0" coveredconditionals="0" methods="0" coveredmethods="0"/>
        <line num="2" count="2" type="stmt"/>
      </file>
    </package>
    <package name="models">
      <metrics statements="2" coveredstatements="2" conditionals="0" coveredconditionals="0" methods="0" coveredmethods="0"/>
      <file name="Movie.ts" path="/Users/bekiryavuzkoc/Documents/react/Movie/models/Movie.ts">
        <metrics statements="2" coveredstatements="2" conditionals="0" coveredconditionals="0" methods="0" coveredmethods="0"/>
        <line num="3" count="2" type="stmt"/>
        <line num="17" count="2" type="stmt"/>
      </file>
    </package>
    <package name="src.config">
      <metrics statements="12" coveredstatements="12" conditionals="0" coveredconditionals="0" methods="4" coveredmethods="4"/>
      <file name="config.ts" path="/Users/bekiryavuzkoc/Documents/react/Movie/src/config/config.ts">
        <metrics statements="2" coveredstatements="2" conditionals="0" coveredconditionals="0" methods="0" coveredmethods="0"/>
        <line num="1" count="1" type="stmt"/>
        <line num="10" count="1" type="stmt"/>
      </file>
      <file name="tokenStore.ts" path="/Users/bekiryavuzkoc/Documents/react/Movie/src/config/tokenStore.ts">
        <metrics statements="10" coveredstatements="10" conditionals="0" coveredconditionals="0" methods="4" coveredmethods="4"/>
        <line num="14" count="1" type="stmt"/>
        <line num="20" count="2" type="stmt"/>
        <line num="21" count="2" type="stmt"/>
        <line num="23" count="2" type="stmt"/>
        <line num="31" count="1" type="stmt"/>
        <line num="32" count="1" type="stmt"/>
        <line num="34" count="1" type="stmt"/>
        <line num="38" count="1" type="stmt"/>
        <line num="39" count="1" type="stmt"/>
        <line num="41" count="1" type="stmt"/>
      </file>
    </package>
    <package name="src.features">
      <metrics statements="8" coveredstatements="8" conditionals="4" coveredconditionals="3" methods="4" coveredmethods="4"/>
      <file name="favouriteStore.ts" path="/Users/bekiryavuzkoc/Documents/react/Movie/src/features/favouriteStore.ts">
        <metrics statements="8" coveredstatements="8" conditionals="4" coveredconditionals="3" methods="4" coveredmethods="4"/>
        <line num="12" count="1" type="stmt"/>
        <line num="17" count="1" type="stmt"/>
        <line num="19" count="1" type="stmt"/>
        <line num="26" count="2" type="stmt"/>
        <line num="28" count="2" type="cond" truecount="2" falsecount="0"/>
        <line num="29" count="1" type="stmt"/>
        <line num="32" count="2" type="stmt"/>
        <line num="33" count="2" type="stmt"/>
      </file>
    </package>
    <package name="src.store">
      <metrics statements="17" coveredstatements="17" conditionals="16" coveredconditionals="14" methods="6" coveredmethods="6"/>
      <file name="useMovieDetailStore.ts" path="/Users/bekiryavuzkoc/Documents/react/Movie/src/store/useMovieDetailStore.ts">
        <metrics statements="9" coveredstatements="9" conditionals="8" coveredconditionals="7" methods="3" coveredmethods="3"/>
        <line num="15" count="1" type="stmt"/>
        <line num="21" count="3" type="stmt"/>
        <line num="23" count="3" type="stmt"/>
        <line num="25" count="3" type="stmt"/>
        <line num="28" count="2" type="stmt"/>
        <line num="39" count="2" type="stmt"/>
        <line num="41" count="1" type="stmt"/>
        <line num="42" count="1" type="cond" truecount="1" falsecount="1"/>
        <line num="46" count="1" type="stmt"/>
      </file>
      <file name="useMoviesStore.ts" path="/Users/bekiryavuzkoc/Documents/react/Movie/src/store/useMoviesStore.ts">
        <metrics statements="8" coveredstatements="8" conditionals="8" coveredconditionals="7" methods="3" coveredmethods="3"/>
        <line num="13" count="1" type="stmt"/>
        <line num="19" count="2" type="stmt"/>
        <line num="21" count="2" type="stmt"/>
        <line num="22" count="2" type="stmt"/>
        <line num="24" count="2" type="stmt"/>
        <line num="34" count="1" type="stmt"/>
        <line num="36" count="1" type="cond" truecount="1" falsecount="1"/>
        <line num="37" count="1" type="stmt"/>
      </file>
    </package>
  </project>
</coverage>
