{"/Users/bekiryavuzkoc/Documents/react/Movie/api/apiClient.ts": {"path":"/Users/bekiryavuzkoc/Documents/react/Movie/api/apiClient.ts","statementMap":{"0":{"start":{"line":4,"column":25},"end":{"line":40,"column":1}},"1":{"start":{"line":6,"column":16},"end":{"line":6,"column":58}},"2":{"start":{"line":7,"column":4},"end":{"line":7,"column":29}},"3":{"start":{"line":15,"column":16},"end":{"line":18,"column":6}},"4":{"start":{"line":19,"column":4},"end":{"line":19,"column":29}},"5":{"start":{"line":27,"column":16},"end":{"line":30,"column":6}},"6":{"start":{"line":31,"column":4},"end":{"line":31,"column":29}},"7":{"start":{"line":35,"column":16},"end":{"line":37,"column":6}},"8":{"start":{"line":38,"column":4},"end":{"line":38,"column":29}}},"fnMap":{"0":{"name":"(anonymous_0)","decl":{"start":{"line":5,"column":7},"end":{"line":5,"column":8}},"loc":{"start":{"line":5,"column":66},"end":{"line":8,"column":3}},"line":5},"1":{"name":"(anonymous_1)","decl":{"start":{"line":10,"column":8},"end":{"line":10,"column":9}},"loc":{"start":{"line":14,"column":19},"end":{"line":20,"column":3}},"line":14},"2":{"name":"(anonymous_2)","decl":{"start":{"line":22,"column":7},"end":{"line":22,"column":8}},"loc":{"start":{"line":26,"column":19},"end":{"line":32,"column":3}},"line":26},"3":{"name":"(anonymous_3)","decl":{"start":{"line":34,"column":10},"end":{"line":34,"column":11}},"loc":{"start":{"line":34,"column":69},"end":{"line":39,"column":3}},"line":34}},"branchMap":{},"s":{"0":1,"1":3,"2":3,"3":2,"4":2,"5":1,"6":1,"7":1,"8":1},"f":{"0":3,"1":2,"2":1,"3":1},"b":{},"_coverageSchema":"1a1c01bbd47fc00a2c39e90264f33305004495a9","hash":"85f6f4aa19343e548373ce04de3cedb11bbcd66e"}
,"/Users/bekiryavuzkoc/Documents/react/Movie/api/request.ts": {"path":"/Users/bekiryavuzkoc/Documents/react/Movie/api/request.ts","statementMap":{"0":{"start":{"line":22,"column":2},"end":{"line":39,"column":5}},"1":{"start":{"line":23,"column":23},"end":{"line":23,"column":44}},"2":{"start":{"line":24,"column":15},"end":{"line":24,"column":62}},"3":{"start":{"line":24,"column":32},"end":{"line":24,"column":50}},"4":{"start":{"line":26,"column":4},"end":{"line":38,"column":9}},"5":{"start":{"line":28,"column":8},"end":{"line":28,"column":25}},"6":{"start":{"line":29,"column":8},"end":{"line":29,"column":21}},"7":{"start":{"line":32,"column":8},"end":{"line":32,"column":25}},"8":{"start":{"line":33,"column":8},"end":{"line":37,"column":9}},"9":{"start":{"line":34,"column":10},"end":{"line":34,"column":72}},"10":{"start":{"line":36,"column":10},"end":{"line":36,"column":22}},"11":{"start":{"line":43,"column":23},"end":{"line":43,"column":60}},"12":{"start":{"line":45,"column":2},"end":{"line":47,"column":3}},"13":{"start":{"line":46,"column":4},"end":{"line":46,"column":16}},"14":{"start":{"line":49,"column":2},"end":{"line":67,"column":3}},"15":{"start":{"line":50,"column":16},"end":{"line":56,"column":6}},"16":{"start":{"line":58,"column":4},"end":{"line":58,"column":29}},"17":{"start":{"line":58,"column":17},"end":{"line":58,"column":29}},"18":{"start":{"line":60,"column":17},"end":{"line":60,"column":33}},"19":{"start":{"line":62,"column":4},"end":{"line":62,"column":76}},"20":{"start":{"line":64,"column":4},"end":{"line":64,"column":28}},"21":{"start":{"line":66,"column":4},"end":{"line":66,"column":16}},"22":{"start":{"line":77,"column":6},"end":{"line":77,"column":13}},"23":{"start":{"line":79,"column":16},"end":{"line":79,"column":52}},"24":{"start":{"line":81,"column":47},"end":{"line":85,"column":3}},"25":{"start":{"line":87,"column":2},"end":{"line":89,"column":3}},"26":{"start":{"line":88,"column":4},"end":{"line":88,"column":54}},"27":{"start":{"line":91,"column":23},"end":{"line":91,"column":27}},"28":{"start":{"line":93,"column":2},"end":{"line":138,"column":3}},"29":{"start":{"line":93,"column":15},"end":{"line":93,"column":16}},"30":{"start":{"line":94,"column":4},"end":{"line":137,"column":5}},"31":{"start":{"line":95,"column":23},"end":{"line":103,"column":7}},"32":{"start":{"line":105,"column":6},"end":{"line":115,"column":7}},"33":{"start":{"line":106,"column":25},"end":{"line":106,"column":51}},"34":{"start":{"line":107,"column":8},"end":{"line":107,"column":70}},"35":{"start":{"line":107,"column":23},"end":{"line":107,"column":70}},"36":{"start":{"line":109,"column":8},"end":{"line":109,"column":61}},"37":{"start":{"line":111,"column":8},"end":{"line":114,"column":11}},"38":{"start":{"line":117,"column":6},"end":{"line":123,"column":7}},"39":{"start":{"line":118,"column":8},"end":{"line":122,"column":10}},"40":{"start":{"line":125,"column":6},"end":{"line":125,"column":30}},"41":{"start":{"line":127,"column":6},"end":{"line":127,"column":22}},"42":{"start":{"line":130,"column":8},"end":{"line":130,"column":62}},"43":{"start":{"line":132,"column":6},"end":{"line":132,"column":48}},"44":{"start":{"line":132,"column":39},"end":{"line":132,"column":48}},"45":{"start":{"line":134,"column":25},"end":{"line":134,"column":44}},"46":{"start":{"line":135,"column":6},"end":{"line":135,"column":41}},"47":{"start":{"line":136,"column":6},"end":{"line":136,"column":23}},"48":{"start":{"line":140,"column":21},"end":{"line":140,"column":46}},"49":{"start":{"line":141,"column":2},"end":{"line":141,"column":37}},"50":{"start":{"line":142,"column":2},"end":{"line":142,"column":19}},"51":{"start":{"line":146,"column":2},"end":{"line":150,"column":4}},"52":{"start":{"line":154,"column":2},"end":{"line":159,"column":5}}},"fnMap":{"0":{"name":"fetchWithTimeout","decl":{"start":{"line":21,"column":9},"end":{"line":21,"column":25}},"loc":{"start":{"line":21,"column":71},"end":{"line":40,"column":1}},"line":21},"1":{"name":"(anonymous_1)","decl":{"start":{"line":22,"column":21},"end":{"line":22,"column":22}},"loc":{"start":{"line":22,"column":42},"end":{"line":39,"column":3}},"line":22},"2":{"name":"(anonymous_2)","decl":{"start":{"line":24,"column":26},"end":{"line":24,"column":27}},"loc":{"start":{"line":24,"column":32},"end":{"line":24,"column":50}},"line":24},"3":{"name":"(anonymous_3)","decl":{"start":{"line":27,"column":12},"end":{"line":27,"column":13}},"loc":{"start":{"line":27,"column":21},"end":{"line":30,"column":7}},"line":27},"4":{"name":"(anonymous_4)","decl":{"start":{"line":31,"column":13},"end":{"line":31,"column":14}},"loc":{"start":{"line":31,"column":22},"end":{"line":38,"column":7}},"line":31},"5":{"name":"refreshAccessToken","decl":{"start":{"line":42,"column":15},"end":{"line":42,"column":33}},"loc":{"start":{"line":42,"column":36},"end":{"line":68,"column":1}},"line":42},"6":{"name":"httpRequest","decl":{"start":{"line":70,"column":22},"end":{"line":70,"column":33}},"loc":{"start":{"line":70,"column":78},"end":{"line":143,"column":1}},"line":70},"7":{"name":"normalizeError","decl":{"start":{"line":145,"column":9},"end":{"line":145,"column":23}},"loc":{"start":{"line":145,"column":51},"end":{"line":151,"column":1}},"line":145},"8":{"name":"showErrorToast","decl":{"start":{"line":153,"column":9},"end":{"line":153,"column":23}},"loc":{"start":{"line":153,"column":41},"end":{"line":160,"column":1}},"line":153}},"branchMap":{"0":{"loc":{"start":{"line":21,"column":53},"end":{"line":21,"column":69}},"type":"default-arg","locations":[{"start":{"line":21,"column":65},"end":{"line":21,"column":69}}],"line":21},"1":{"loc":{"start":{"line":33,"column":8},"end":{"line":37,"column":9}},"type":"if","locations":[{"start":{"line":33,"column":8},"end":{"line":37,"column":9}},{"start":{"line":35,"column":15},"end":{"line":37,"column":9}}],"line":33},"2":{"loc":{"start":{"line":45,"column":2},"end":{"line":47,"column":3}},"type":"if","locations":[{"start":{"line":45,"column":2},"end":{"line":47,"column":3}},{"start":{},"end":{}}],"line":45},"3":{"loc":{"start":{"line":58,"column":4},"end":{"line":58,"column":29}},"type":"if","locations":[{"start":{"line":58,"column":4},"end":{"line":58,"column":29}},{"start":{},"end":{}}],"line":58},"4":{"loc":{"start":{"line":70,"column":48},"end":{"line":70,"column":76}},"type":"default-arg","locations":[{"start":{"line":70,"column":74},"end":{"line":70,"column":76}}],"line":70},"5":{"loc":{"start":{"line":72,"column":4},"end":{"line":72,"column":18}},"type":"default-arg","locations":[{"start":{"line":72,"column":13},"end":{"line":72,"column":18}}],"line":72},"6":{"loc":{"start":{"line":74,"column":4},"end":{"line":74,"column":16}},"type":"default-arg","locations":[{"start":{"line":74,"column":14},"end":{"line":74,"column":16}}],"line":74},"7":{"loc":{"start":{"line":75,"column":4},"end":{"line":75,"column":13}},"type":"default-arg","locations":[{"start":{"line":75,"column":12},"end":{"line":75,"column":13}}],"line":75},"8":{"loc":{"start":{"line":76,"column":4},"end":{"line":76,"column":18}},"type":"default-arg","locations":[{"start":{"line":76,"column":14},"end":{"line":76,"column":18}}],"line":76},"9":{"loc":{"start":{"line":87,"column":2},"end":{"line":89,"column":3}},"type":"if","locations":[{"start":{"line":87,"column":2},"end":{"line":89,"column":3}},{"start":{},"end":{}}],"line":87},"10":{"loc":{"start":{"line":100,"column":16},"end":{"line":100,"column":55}},"type":"cond-expr","locations":[{"start":{"line":100,"column":23},"end":{"line":100,"column":43}},{"start":{"line":100,"column":46},"end":{"line":100,"column":55}}],"line":100},"11":{"loc":{"start":{"line":105,"column":6},"end":{"line":115,"column":7}},"type":"if","locations":[{"start":{"line":105,"column":6},"end":{"line":115,"column":7}},{"start":{},"end":{}}],"line":105},"12":{"loc":{"start":{"line":107,"column":8},"end":{"line":107,"column":70}},"type":"if","locations":[{"start":{"line":107,"column":8},"end":{"line":107,"column":70}},{"start":{},"end":{}}],"line":107},"13":{"loc":{"start":{"line":117,"column":6},"end":{"line":123,"column":7}},"type":"if","locations":[{"start":{"line":117,"column":6},"end":{"line":123,"column":7}},{"start":{},"end":{}}],"line":117},"14":{"loc":{"start":{"line":130,"column":8},"end":{"line":130,"column":62}},"type":"binary-expr","locations":[{"start":{"line":130,"column":8},"end":{"line":130,"column":41}},{"start":{"line":130,"column":45},"end":{"line":130,"column":62}}],"line":130},"15":{"loc":{"start":{"line":132,"column":6},"end":{"line":132,"column":48}},"type":"if","locations":[{"start":{"line":132,"column":6},"end":{"line":132,"column":48}},{"start":{},"end":{}}],"line":132},"16":{"loc":{"start":{"line":132,"column":10},"end":{"line":132,"column":37}},"type":"binary-expr","locations":[{"start":{"line":132,"column":10},"end":{"line":132,"column":19}},{"start":{"line":132,"column":23},"end":{"line":132,"column":37}}],"line":132},"17":{"loc":{"start":{"line":147,"column":13},"end":{"line":147,"column":44}},"type":"binary-expr","locations":[{"start":{"line":147,"column":13},"end":{"line":147,"column":25}},{"start":{"line":147,"column":29},"end":{"line":147,"column":44}}],"line":147},"18":{"loc":{"start":{"line":148,"column":12},"end":{"line":148,"column":28}},"type":"binary-expr","locations":[{"start":{"line":148,"column":12},"end":{"line":148,"column":23}},{"start":{"line":148,"column":27},"end":{"line":148,"column":28}}],"line":148}},"s":{"0":8,"1":8,"2":8,"3":1,"4":8,"5":6,"6":6,"7":2,"8":2,"9":1,"10":1,"11":2,"12":2,"13":0,"14":2,"15":2,"16":2,"17":1,"18":1,"19":1,"20":1,"21":0,"22":7,"23":7,"24":7,"25":7,"26":3,"27":7,"28":7,"29":7,"30":8,"31":8,"32":6,"33":2,"34":2,"35":1,"36":1,"37":1,"38":4,"39":1,"40":3,"41":4,"42":4,"43":4,"44":1,"45":3,"46":3,"47":3,"48":0,"49":0,"50":0,"51":3,"52":3},"f":{"0":8,"1":8,"2":1,"3":6,"4":2,"5":2,"6":7,"7":3,"8":3},"b":{"0":[0],"1":[1,1],"2":[0,2],"3":[1,1],"4":[2],"5":[4],"6":[6],"7":[6],"8":[6],"9":[3,4],"10":[0,8],"11":[2,4],"12":[1,1],"13":[1,3],"14":[4,3],"15":[1,3],"16":[4,4],"17":[3,0],"18":[3,0]},"_coverageSchema":"1a1c01bbd47fc00a2c39e90264f33305004495a9","hash":"8ef8834a7042176c35126da29a7510dd14f2c847"}
,"/Users/bekiryavuzkoc/Documents/react/Movie/constants/images.ts": {"path":"/Users/bekiryavuzkoc/Documents/react/Movie/constants/images.ts","statementMap":{"0":{"start":{"line":2,"column":2},"end":{"line":2,"column":53}}},"fnMap":{},"branchMap":{},"s":{"0":2},"f":{},"b":{},"_coverageSchema":"1a1c01bbd47fc00a2c39e90264f33305004495a9","hash":"c0057bb27dac3242e519b4f6c9a4765b8753d55e"}
,"/Users/bekiryavuzkoc/Documents/react/Movie/models/Movie.ts": {"path":"/Users/bekiryavuzkoc/Documents/react/Movie/models/Movie.ts","statementMap":{"0":{"start":{"line":3,"column":27},"end":{"line":8,"column":2}},"1":{"start":{"line":17,"column":31},"end":{"line":17,"column":51}}},"fnMap":{},"branchMap":{},"s":{"0":2,"1":2},"f":{},"b":{},"_coverageSchema":"1a1c01bbd47fc00a2c39e90264f33305004495a9","hash":"f4af03307f2fd7afac08561c230b4cfbac1b0312"}
,"/Users/bekiryavuzkoc/Documents/react/Movie/src/config/config.ts": {"path":"/Users/bekiryavuzkoc/Documents/react/Movie/src/config/config.ts","statementMap":{"0":{"start":{"line":1,"column":26},"end":{"line":8,"column":1}},"1":{"start":{"line":10,"column":24},"end":{"line":10,"column":55}}},"fnMap":{},"branchMap":{},"s":{"0":1,"1":1},"f":{},"b":{},"_coverageSchema":"1a1c01bbd47fc00a2c39e90264f33305004495a9","hash":"b16caa3c91d2bb0bdfabb86de7dc0a6bd89a47c0"}
,"/Users/bekiryavuzkoc/Documents/react/Movie/src/config/tokenStore.ts": {"path":"/Users/bekiryavuzkoc/Documents/react/Movie/src/config/tokenStore.ts","statementMap":{"0":{"start":{"line":14,"column":29},"end":{"line":43,"column":3}},"1":{"start":{"line":14,"column":58},"end":{"line":43,"column":1}},"2":{"start":{"line":20,"column":19},"end":{"line":20,"column":60}},"3":{"start":{"line":21,"column":20},"end":{"line":21,"column":62}},"4":{"start":{"line":23,"column":4},"end":{"line":27,"column":7}},"5":{"start":{"line":31,"column":4},"end":{"line":31,"column":54}},"6":{"start":{"line":32,"column":4},"end":{"line":32,"column":56}},"7":{"start":{"line":34,"column":4},"end":{"line":34,"column":56}},"8":{"start":{"line":38,"column":4},"end":{"line":38,"column":49}},"9":{"start":{"line":39,"column":4},"end":{"line":39,"column":50}},"10":{"start":{"line":41,"column":4},"end":{"line":41,"column":51}}},"fnMap":{"0":{"name":"(anonymous_0)","decl":{"start":{"line":14,"column":48},"end":{"line":14,"column":49}},"loc":{"start":{"line":14,"column":58},"end":{"line":43,"column":1}},"line":14},"1":{"name":"(anonymous_1)","decl":{"start":{"line":19,"column":11},"end":{"line":19,"column":12}},"loc":{"start":{"line":19,"column":23},"end":{"line":28,"column":3}},"line":19},"2":{"name":"(anonymous_2)","decl":{"start":{"line":30,"column":13},"end":{"line":30,"column":14}},"loc":{"start":{"line":30,"column":40},"end":{"line":35,"column":3}},"line":30},"3":{"name":"(anonymous_3)","decl":{"start":{"line":37,"column":15},"end":{"line":37,"column":16}},"loc":{"start":{"line":37,"column":27},"end":{"line":42,"column":3}},"line":37}},"branchMap":{},"s":{"0":1,"1":1,"2":2,"3":2,"4":2,"5":1,"6":1,"7":1,"8":1,"9":1,"10":1},"f":{"0":1,"1":2,"2":1,"3":1},"b":{},"_coverageSchema":"1a1c01bbd47fc00a2c39e90264f33305004495a9","hash":"29982144602b869ce6af7095c701a672562b9372"}
,"/Users/bekiryavuzkoc/Documents/react/Movie/src/features/favouriteStore.ts": {"path":"/Users/bekiryavuzkoc/Documents/react/Movie/src/features/favouriteStore.ts","statementMap":{"0":{"start":{"line":12,"column":33},"end":{"line":35,"column":3}},"1":{"start":{"line":12,"column":71},"end":{"line":35,"column":1}},"2":{"start":{"line":17,"column":19},"end":{"line":17,"column":59}},"3":{"start":{"line":19,"column":4},"end":{"line":22,"column":7}},"4":{"start":{"line":26,"column":20},"end":{"line":26,"column":36}},"5":{"start":{"line":28,"column":20},"end":{"line":30,"column":24}},"6":{"start":{"line":29,"column":30},"end":{"line":29,"column":38}},"7":{"start":{"line":32,"column":4},"end":{"line":32,"column":70}},"8":{"start":{"line":33,"column":4},"end":{"line":33,"column":33}}},"fnMap":{"0":{"name":"(anonymous_0)","decl":{"start":{"line":12,"column":56},"end":{"line":12,"column":57}},"loc":{"start":{"line":12,"column":71},"end":{"line":35,"column":1}},"line":12},"1":{"name":"(anonymous_1)","decl":{"start":{"line":16,"column":11},"end":{"line":16,"column":12}},"loc":{"start":{"line":16,"column":23},"end":{"line":23,"column":3}},"line":16},"2":{"name":"(anonymous_2)","decl":{"start":{"line":25,"column":19},"end":{"line":25,"column":20}},"loc":{"start":{"line":25,"column":33},"end":{"line":34,"column":3}},"line":25},"3":{"name":"(anonymous_3)","decl":{"start":{"line":29,"column":23},"end":{"line":29,"column":24}},"loc":{"start":{"line":29,"column":30},"end":{"line":29,"column":38}},"line":29}},"branchMap":{"0":{"loc":{"start":{"line":20,"column":18},"end":{"line":20,"column":50}},"type":"cond-expr","locations":[{"start":{"line":20,"column":27},"end":{"line":20,"column":45}},{"start":{"line":20,"column":48},"end":{"line":20,"column":50}}],"line":20},"1":{"loc":{"start":{"line":28,"column":20},"end":{"line":30,"column":24}},"type":"cond-expr","locations":[{"start":{"line":29,"column":8},"end":{"line":29,"column":39}},{"start":{"line":30,"column":8},"end":{"line":30,"column":24}}],"line":28}},"s":{"0":1,"1":1,"2":1,"3":1,"4":2,"5":2,"6":1,"7":2,"8":2},"f":{"0":1,"1":1,"2":2,"3":1},"b":{"0":[1,0],"1":[1,1]},"_coverageSchema":"1a1c01bbd47fc00a2c39e90264f33305004495a9","hash":"bb3a756c5447a25dfd7c9ecc339c30c7d9db8c7e"}
,"/Users/bekiryavuzkoc/Documents/react/Movie/src/store/useMovieDetailStore.ts": {"path":"/Users/bekiryavuzkoc/Documents/react/Movie/src/store/useMovieDetailStore.ts","statementMap":{"0":{"start":{"line":15,"column":35},"end":{"line":47,"column":3}},"1":{"start":{"line":15,"column":70},"end":{"line":47,"column":1}},"2":{"start":{"line":21,"column":4},"end":{"line":21,"column":40}},"3":{"start":{"line":23,"column":4},"end":{"line":43,"column":5}},"4":{"start":{"line":25,"column":24},"end":{"line":25,"column":73}},"5":{"start":{"line":28,"column":27},"end":{"line":37,"column":7}},"6":{"start":{"line":39,"column":6},"end":{"line":39,"column":37}},"7":{"start":{"line":41,"column":6},"end":{"line":41,"column":43}},"8":{"start":{"line":42,"column":6},"end":{"line":42,"column":67}},"9":{"start":{"line":46,"column":15},"end":{"line":46,"column":48}}},"fnMap":{"0":{"name":"(anonymous_0)","decl":{"start":{"line":15,"column":60},"end":{"line":15,"column":61}},"loc":{"start":{"line":15,"column":70},"end":{"line":47,"column":1}},"line":15},"1":{"name":"(anonymous_1)","decl":{"start":{"line":20,"column":13},"end":{"line":20,"column":14}},"loc":{"start":{"line":20,"column":35},"end":{"line":44,"column":3}},"line":20},"2":{"name":"(anonymous_2)","decl":{"start":{"line":46,"column":9},"end":{"line":46,"column":10}},"loc":{"start":{"line":46,"column":15},"end":{"line":46,"column":48}},"line":46}},"branchMap":{"0":{"loc":{"start":{"line":32,"column":10},"end":{"line":35,"column":27}},"type":"cond-expr","locations":[{"start":{"line":34,"column":14},"end":{"line":34,"column":33}},{"start":{"line":35,"column":14},"end":{"line":35,"column":27}}],"line":32},"1":{"loc":{"start":{"line":32,"column":10},"end":{"line":33,"column":48}},"type":"binary-expr","locations":[{"start":{"line":32,"column":10},"end":{"line":32,"column":49}},{"start":{"line":33,"column":10},"end":{"line":33,"column":48}}],"line":32},"2":{"loc":{"start":{"line":36,"column":16},"end":{"line":36,"column":53}},"type":"binary-expr","locations":[{"start":{"line":36,"column":16},"end":{"line":36,"column":32}},{"start":{"line":36,"column":36},"end":{"line":36,"column":53}}],"line":36},"3":{"loc":{"start":{"line":42,"column":19},"end":{"line":42,"column":47}},"type":"binary-expr","locations":[{"start":{"line":42,"column":19},"end":{"line":42,"column":28}},{"start":{"line":42,"column":32},"end":{"line":42,"column":47}}],"line":42}},"s":{"0":1,"1":1,"2":3,"3":3,"4":3,"5":2,"6":2,"7":1,"8":1,"9":1},"f":{"0":1,"1":3,"2":1},"b":{"0":[1,1],"1":[2,2],"2":[2,1],"3":[1,0]},"_coverageSchema":"1a1c01bbd47fc00a2c39e90264f33305004495a9","hash":"f66a98227be55607bddc463fa25c4106f3767e45"}
,"/Users/bekiryavuzkoc/Documents/react/Movie/src/store/useMoviesStore.ts": {"path":"/Users/bekiryavuzkoc/Documents/react/Movie/src/store/useMoviesStore.ts","statementMap":{"0":{"start":{"line":13,"column":30},"end":{"line":40,"column":3}},"1":{"start":{"line":13,"column":59},"end":{"line":40,"column":1}},"2":{"start":{"line":19,"column":4},"end":{"line":19,"column":27}},"3":{"start":{"line":21,"column":4},"end":{"line":38,"column":5}},"4":{"start":{"line":22,"column":21},"end":{"line":22,"column":68}},"5":{"start":{"line":24,"column":30},"end":{"line":32,"column":9}},"6":{"start":{"line":24,"column":49},"end":{"line":32,"column":7}},"7":{"start":{"line":34,"column":6},"end":{"line":34,"column":46}},"8":{"start":{"line":36,"column":6},"end":{"line":36,"column":67}},"9":{"start":{"line":37,"column":6},"end":{"line":37,"column":44}}},"fnMap":{"0":{"name":"(anonymous_0)","decl":{"start":{"line":13,"column":49},"end":{"line":13,"column":50}},"loc":{"start":{"line":13,"column":59},"end":{"line":40,"column":1}},"line":13},"1":{"name":"(anonymous_1)","decl":{"start":{"line":18,"column":14},"end":{"line":18,"column":15}},"loc":{"start":{"line":18,"column":26},"end":{"line":39,"column":3}},"line":18},"2":{"name":"(anonymous_2)","decl":{"start":{"line":24,"column":41},"end":{"line":24,"column":42}},"loc":{"start":{"line":24,"column":49},"end":{"line":32,"column":7}},"line":24}},"branchMap":{"0":{"loc":{"start":{"line":28,"column":10},"end":{"line":30,"column":27}},"type":"cond-expr","locations":[{"start":{"line":29,"column":14},"end":{"line":29,"column":25}},{"start":{"line":30,"column":14},"end":{"line":30,"column":27}}],"line":28},"1":{"loc":{"start":{"line":28,"column":10},"end":{"line":28,"column":75}},"type":"binary-expr","locations":[{"start":{"line":28,"column":10},"end":{"line":28,"column":41}},{"start":{"line":28,"column":45},"end":{"line":28,"column":75}}],"line":28},"2":{"loc":{"start":{"line":31,"column":16},"end":{"line":31,"column":45}},"type":"binary-expr","locations":[{"start":{"line":31,"column":16},"end":{"line":31,"column":24}},{"start":{"line":31,"column":28},"end":{"line":31,"column":45}}],"line":31},"3":{"loc":{"start":{"line":36,"column":19},"end":{"line":36,"column":47}},"type":"binary-expr","locations":[{"start":{"line":36,"column":19},"end":{"line":36,"column":28}},{"start":{"line":36,"column":32},"end":{"line":36,"column":47}}],"line":36}},"s":{"0":1,"1":1,"2":2,"3":2,"4":2,"5":1,"6":2,"7":1,"8":1,"9":1},"f":{"0":1,"1":2,"2":2},"b":{"0":[1,1],"1":[2,2],"2":[2,1],"3":[1,0]},"_coverageSchema":"1a1c01bbd47fc00a2c39e90264f33305004495a9","hash":"f6290222993128047d7d651b18286399082d1d5c"}
}
