TN:
SF:api/apiClient.ts
FN:5,(anonymous_0)
FN:10,(anonymous_1)
FN:22,(anonymous_2)
FN:34,(anonymous_3)
FNF:4
FNH:4
FNDA:3,(anonymous_0)
FNDA:2,(anonymous_1)
FNDA:1,(anonymous_2)
FNDA:1,(anonymous_3)
DA:4,1
DA:6,3
DA:7,3
DA:15,2
DA:19,2
DA:27,1
DA:31,1
DA:35,1
DA:38,1
LF:9
LH:9
BRF:0
BRH:0
end_of_record
TN:
SF:api/request.ts
FN:21,fetchWithTimeout
FN:22,(anonymous_1)
FN:24,(anonymous_2)
FN:27,(anonymous_3)
FN:31,(anonymous_4)
FN:42,refreshAccessToken
FN:70,httpRequest
FN:145,normalizeError
FN:153,showErrorToast
FNF:9
FNH:9
FNDA:8,fetchWithTimeout
FNDA:8,(anonymous_1)
FNDA:1,(anonymous_2)
FNDA:6,(anonymous_3)
FNDA:2,(anonymous_4)
FNDA:2,refreshAccessToken
FNDA:7,httpRequest
FNDA:3,normalizeError
FNDA:3,showErrorToast
DA:22,8
DA:23,8
DA:24,8
DA:26,8
DA:28,6
DA:29,6
DA:32,2
DA:33,2
DA:34,1
DA:36,1
DA:43,2
DA:45,2
DA:46,0
DA:49,2
DA:50,2
DA:58,2
DA:60,1
DA:62,1
DA:64,1
DA:66,0
DA:77,7
DA:79,7
DA:81,7
DA:87,7
DA:88,3
DA:91,7
DA:93,7
DA:94,8
DA:95,8
DA:105,6
DA:106,2
DA:107,2
DA:109,1
DA:111,1
DA:117,4
DA:118,1
DA:125,3
DA:127,4
DA:130,4
DA:132,4
DA:134,3
DA:135,3
DA:136,3
DA:140,0
DA:141,0
DA:142,0
DA:146,3
DA:154,3
LF:48
LH:43
BRDA:21,0,0,0
BRDA:33,1,0,1
BRDA:33,1,1,1
BRDA:45,2,0,0
BRDA:45,2,1,2
BRDA:58,3,0,1
BRDA:58,3,1,1
BRDA:70,4,0,2
BRDA:72,5,0,4
BRDA:74,6,0,6
BRDA:75,7,0,6
BRDA:76,8,0,6
BRDA:87,9,0,3
BRDA:87,9,1,4
BRDA:100,10,0,0
BRDA:100,10,1,8
BRDA:105,11,0,2
BRDA:105,11,1,4
BRDA:107,12,0,1
BRDA:107,12,1,1
BRDA:117,13,0,1
BRDA:117,13,1,3
BRDA:130,14,0,4
BRDA:130,14,1,3
BRDA:132,15,0,1
BRDA:132,15,1,3
BRDA:132,16,0,4
BRDA:132,16,1,4
BRDA:147,17,0,3
BRDA:147,17,1,0
BRDA:148,18,0,3
BRDA:148,18,1,0
BRF:32
BRH:27
end_of_record
TN:
SF:constants/images.ts
FNF:0
FNH:0
DA:2,2
LF:1
LH:1
BRF:0
BRH:0
end_of_record
TN:
SF:models/Movie.ts
FNF:0
FNH:0
DA:3,2
DA:17,2
LF:2
LH:2
BRF:0
BRH:0
end_of_record
TN:
SF:src/config/config.ts
FNF:0
FNH:0
DA:1,1
DA:10,1
LF:2
LH:2
BRF:0
BRH:0
end_of_record
TN:
SF:src/config/tokenStore.ts
FN:14,(anonymous_0)
FN:19,(anonymous_1)
FN:30,(anonymous_2)
FN:37,(anonymous_3)
FNF:4
FNH:4
FNDA:1,(anonymous_0)
FNDA:2,(anonymous_1)
FNDA:1,(anonymous_2)
FNDA:1,(anonymous_3)
DA:14,1
DA:20,2
DA:21,2
DA:23,2
DA:31,1
DA:32,1
DA:34,1
DA:38,1
DA:39,1
DA:41,1
LF:10
LH:10
BRF:0
BRH:0
end_of_record
TN:
SF:src/features/favouriteStore.ts
FN:12,(anonymous_0)
FN:16,(anonymous_1)
FN:25,(anonymous_2)
FN:29,(anonymous_3)
FNF:4
FNH:4
FNDA:1,(anonymous_0)
FNDA:1,(anonymous_1)
FNDA:2,(anonymous_2)
FNDA:1,(anonymous_3)
DA:12,1
DA:17,1
DA:19,1
DA:26,2
DA:28,2
DA:29,1
DA:32,2
DA:33,2
LF:8
LH:8
BRDA:20,0,0,1
BRDA:20,0,1,0
BRDA:28,1,0,1
BRDA:28,1,1,1
BRF:4
BRH:3
end_of_record
TN:
SF:src/store/useMovieDetailStore.ts
FN:15,(anonymous_0)
FN:20,(anonymous_1)
FN:46,(anonymous_2)
FNF:3
FNH:3
FNDA:1,(anonymous_0)
FNDA:3,(anonymous_1)
FNDA:1,(anonymous_2)
DA:15,1
DA:21,3
DA:23,3
DA:25,3
DA:28,2
DA:39,2
DA:41,1
DA:42,1
DA:46,1
LF:9
LH:9
BRDA:32,0,0,1
BRDA:32,0,1,1
BRDA:32,1,0,2
BRDA:32,1,1,2
BRDA:36,2,0,2
BRDA:36,2,1,1
BRDA:42,3,0,1
BRDA:42,3,1,0
BRF:8
BRH:7
end_of_record
TN:
SF:src/store/useMoviesStore.ts
FN:13,(anonymous_0)
FN:18,(anonymous_1)
FN:24,(anonymous_2)
FNF:3
FNH:3
FNDA:1,(anonymous_0)
FNDA:2,(anonymous_1)
FNDA:2,(anonymous_2)
DA:13,1
DA:19,2
DA:21,2
DA:22,2
DA:24,2
DA:34,1
DA:36,1
DA:37,1
LF:8
LH:8
BRDA:28,0,0,1
BRDA:28,0,1,1
BRDA:28,1,0,2
BRDA:28,1,1,2
BRDA:31,2,0,2
BRDA:31,2,1,1
BRDA:36,3,0,1
BRDA:36,3,1,0
BRF:8
BRH:7
end_of_record
